# JRE version: OpenJDK Runtime Environment (8.0_242-b01) (build 1.8.0_242-release-1644-b01)
# Java VM: OpenJDK 64-Bit Server VM (25.242-b01 mixed mode windows-amd64 compressed oops)
Heap:
 PSYoungGen      total 447488K, used 63465K [0x00000000e0000000, 0x0000000100000000, 0x0000000100000000)
  eden space 407552K, 9% used [0x00000000e0000000,0x00000000e266cdf0,0x00000000f8e00000)
  from space 39936K, 60% used [0x00000000fd900000,0x00000000ff08d630,0x0000000100000000)
  to   space 58368K, 0% used [0x00000000f8e00000,0x00000000f8e00000,0x00000000fc700000)
 ParOldGen       total 178176K, used 81557K [0x00000000a0000000, 0x00000000aae00000, 0x00000000e0000000)
  object space 178176K, 45% used [0x00000000a0000000,0x00000000a4fa5658,0x00000000aae00000)
 Metaspace       used 108509K, capacity 112788K, committed 113152K, reserved 1148928K
  class space    used 13530K, capacity 14479K, committed 14592K, reserved 1048576K
GC Heap History (10 events):
Event: 1321.443 GC heap before
{Heap before GC invocations=37 (full 4):
 PSYoungGen      total 488960K, used 485774K [0x00000000e0000000, 0x0000000100000000, 0x0000000100000000)
  eden space 460800K, 100% used [0x00000000e0000000,0x00000000fc200000,0x00000000fc200000)
  from space 28160K, 88% used [0x00000000fe480000,0x00000000ffce3900,0x0000000100000000)
  to   space 31744K, 0% used [0x00000000fc200000,0x00000000fc200000,0x00000000fe100000)
 ParOldGen       total 142336K, used 62195K [0x00000000a0000000, 0x00000000a8b00000, 0x00000000e0000000)
  object space 142336K, 43% used [0x00000000a0000000,0x00000000a3cbcee0,0x00000000a8b00000)
 Metaspace       used 93250K, capacity 96610K, committed 96640K, reserved 1134592K
  class space    used 11628K, capacity 12412K, committed 12416K, reserved 1048576K
Event: 1321.882 GC heap after
Heap after GC invocations=37 (full 4):
 PSYoungGen      total 492544K, used 4319K [0x00000000e0000000, 0x0000000100000000, 0x0000000100000000)
  eden space 460800K, 0% used [0x00000000e0000000,0x00000000e0000000,0x00000000fc200000)
  from space 31744K, 13% used [0x00000000fc200000,0x00000000fc637da0,0x00000000fe100000)
  to   space 31232K, 0% used [0x00000000fe180000,0x00000000fe180000,0x0000000100000000)
 ParOldGen       total 142336K, used 71194K [0x00000000a0000000, 0x00000000a8b00000, 0x00000000e0000000)
  object space 142336K, 50% used [0x00000000a0000000,0x00000000a4586a18,0x00000000a8b00000)
 Metaspace       used 93250K, capacity 96610K, committed 96640K, reserved 1134592K
  class space    used 11628K, capacity 12412K, committed 12416K, reserved 1048576K
}
Event: 1334.144 GC heap before
{Heap before GC invocations=38 (full 4):
 PSYoungGen      total 492544K, used 465119K [0x00000000e0000000, 0x0000000100000000, 0x0000000100000000)
  eden space 460800K, 100% used [0x00000000e0000000,0x00000000fc200000,0x00000000fc200000)
  from space 31744K, 13% used [0x00000000fc200000,0x00000000fc637da0,0x00000000fe100000)
  to   space 31232K, 0% used [0x00000000fe180000,0x00000000fe180000,0x0000000100000000)
 ParOldGen       total 142336K, used 71194K [0x00000000a0000000, 0x00000000a8b00000, 0x00000000e0000000)
  object space 142336K, 50% used [0x00000000a0000000,0x00000000a4586a18,0x00000000a8b00000)
 Metaspace       used 98270K, capacity 101672K, committed 101888K, reserved 1138688K
  class space    used 12204K, capacity 12990K, committed 13056K, reserved 1048576K
Event: 1334.524 GC heap after
Heap after GC invocations=38 (full 4):
 PSYoungGen      total 475648K, used 31208K [0x00000000e0000000, 0x0000000100000000, 0x0000000100000000)
  eden space 444416K, 0% used [0x00000000e0000000,0x00000000e0000000,0x00000000fb200000)
  from space 31232K, 99% used [0x00000000fe180000,0x00000000ffffa008,0x0000000100000000)
  to   space 39936K, 0% used [0x00000000fb200000,0x00000000fb200000,0x00000000fd900000)
 ParOldGen       total 142336K, used 80678K [0x00000000a0000000, 0x00000000a8b00000, 0x00000000e0000000)
  object space 142336K, 56% used [0x00000000a0000000,0x00000000a4ec9a58,0x00000000a8b00000)
 Metaspace       used 98270K, capacity 101672K, committed 101888K, reserved 1138688K
  class space    used 12204K, capacity 12990K, committed 13056K, reserved 1048576K
}
Event: 1350.232 GC heap before
{Heap before GC invocations=39 (full 4):
 PSYoungGen      total 475648K, used 475624K [0x00000000e0000000, 0x0000000100000000, 0x0000000100000000)
  eden space 444416K, 100% used [0x00000000e0000000,0x00000000fb200000,0x00000000fb200000)
  from space 31232K, 99% used [0x00000000fe180000,0x00000000ffffa008,0x0000000100000000)
  to   space 39936K, 0% used [0x00000000fb200000,0x00000000fb200000,0x00000000fd900000)
 ParOldGen       total 142336K, used 80678K [0x00000000a0000000, 0x00000000a8b00000, 0x00000000e0000000)
  object space 142336K, 56% used [0x00000000a0000000,0x00000000a4ec9a58,0x00000000a8b00000)
 Metaspace       used 100678K, capacity 104038K, committed 104320K, reserved 1140736K
  class space    used 12373K, capacity 13160K, committed 13184K, reserved 1048576K
Event: 1353.040 GC heap after
Heap after GC invocations=39 (full 4):
 PSYoungGen      total 484352K, used 39911K [0x00000000e0000000, 0x0000000100000000, 0x0000000100000000)
  eden space 444416K, 0% used [0x00000000e0000000,0x00000000e0000000,0x00000000fb200000)
  from space 39936K, 99% used [0x00000000fb200000,0x00000000fd8f9ca8,0x00000000fd900000)
  to   space 39936K, 0% used [0x00000000fd900000,0x00000000fd900000,0x0000000100000000)
 ParOldGen       total 142336K, used 117249K [0x00000000a0000000, 0x00000000a8b00000, 0x00000000e0000000)
  object space 142336K, 82% used [0x00000000a0000000,0x00000000a7280518,0x00000000a8b00000)
 Metaspace       used 100678K, capacity 104038K, committed 104320K, reserved 1140736K
  class space    used 12373K, capacity 13160K, committed 13184K, reserved 1048576K
}
Event: 1353.040 GC heap before
{Heap before GC invocations=40 (full 5):
 PSYoungGen      total 484352K, used 39911K [0x00000000e0000000, 0x0000000100000000, 0x0000000100000000)
  eden space 444416K, 0% used [0x00000000e0000000,0x00000000e0000000,0x00000000fb200000)
  from space 39936K, 99% used [0x00000000fb200000,0x00000000fd8f9ca8,0x00000000fd900000)
  to   space 39936K, 0% used [0x00000000fd900000,0x00000000fd900000,0x0000000100000000)
 ParOldGen       total 142336K, used 117249K [0x00000000a0000000, 0x00000000a8b00000, 0x00000000e0000000)
  object space 142336K, 82% used [0x00000000a0000000,0x00000000a7280518,0x00000000a8b00000)
 Metaspace       used 100678K, capacity 104038K, committed 104320K, reserved 1140736K
  class space    used 12373K, capacity 13160K, committed 13184K, reserved 1048576K
Event: 1362.172 GC heap after
Heap after GC invocations=40 (full 5):
 PSYoungGen      total 484352K, used 0K [0x00000000e0000000, 0x0000000100000000, 0x0000000100000000)
  eden space 444416K, 0% used [0x00000000e0000000,0x00000000e0000000,0x00000000fb200000)
  from space 39936K, 0% used [0x00000000fb200000,0x00000000fb200000,0x00000000fd900000)
  to   space 39936K, 0% used [0x00000000fd900000,0x00000000fd900000,0x0000000100000000)
 ParOldGen       total 178176K, used 81549K [0x00000000a0000000, 0x00000000aae00000, 0x00000000e0000000)
  object space 178176K, 45% used [0x00000000a0000000,0x00000000a4fa3658,0x00000000aae00000)
 Metaspace       used 100423K, capacity 103728K, committed 104320K, reserved 1140736K
  class space    used 12351K, capacity 13119K, committed 13184K, reserved 1048576K
}
Event: 1422.583 GC heap before
{Heap before GC invocations=41 (full 5):
 PSYoungGen      total 484352K, used 444416K [0x00000000e0000000, 0x0000000100000000, 0x0000000100000000)
  eden space 444416K, 100% used [0x00000000e0000000,0x00000000fb200000,0x00000000fb200000)
  from space 39936K, 0% used [0x00000000fb200000,0x00000000fb200000,0x00000000fd900000)
  to   space 39936K, 0% used [0x00000000fd900000,0x00000000fd900000,0x0000000100000000)
 ParOldGen       total 178176K, used 81549K [0x00000000a0000000, 0x00000000aae00000, 0x00000000e0000000)
  object space 178176K, 45% used [0x00000000a0000000,0x00000000a4fa3658,0x00000000aae00000)
 Metaspace       used 107399K, capacity 111300K, committed 111360K, reserved 1146880K
  class space    used 13416K, capacity 14311K, committed 14336K, reserved 1048576K
Event: 1429.486 GC heap after
Heap after GC invocations=41 (full 5):
 PSYoungGen      total 447488K, used 24117K [0x00000000e0000000, 0x0000000100000000, 0x0000000100000000)
  eden space 407552K, 0% used [0x00000000e0000000,0x00000000e0000000,0x00000000f8e00000)
  from space 39936K, 60% used [0x00000000fd900000,0x00000000ff08d630,0x0000000100000000)
  to   space 58368K, 0% used [0x00000000f8e00000,0x00000000f8e00000,0x00000000fc700000)
 ParOldGen       total 178176K, used 81557K [0x00000000a0000000, 0x00000000aae00000, 0x00000000e0000000)
  object space 178176K, 45% used [0x00000000a0000000,0x00000000a4fa5658,0x00000000aae00000)
 Metaspace       used 107399K, capacity 111300K, committed 111360K, reserved 1146880K
  class space    used 13416K, capacity 14311K, committed 14336K, reserved 1048576K
}

